Arguments: 
  /home/samuel/.nvm/versions/node/v16.15.1/bin/node /home/samuel/.nvm/versions/node/v16.15.1/bin/yarn add stimulus-draggable

PATH: 
  ./bin:./node_modules/.bin:/home/samuel/.nvm/versions/node/v16.15.1/bin:/home/samuel/.rbenv/shims:/home/samuel/.rbenv/bin:/home/samuel/.pyenv/bin:/usr/local/sbin:/usr/local/bin:/usr/sbin:/usr/bin:/sbin:/bin:/usr/games:/usr/local/games:/snap/bin:/snap/bin:/usr/local/sbin

Yarn version: 
  1.22.19

Node version: 
  16.15.1

Platform: 
  linux x64

Trace: 
  Error: https://registry.yarnpkg.com/stimulus-draggable: Not found
      at Request.params.callback [as _callback] (/home/samuel/.nvm/versions/node/v16.15.1/lib/node_modules/yarn/lib/cli.js:66145:18)
      at Request.self.callback (/home/samuel/.nvm/versions/node/v16.15.1/lib/node_modules/yarn/lib/cli.js:140890:22)
      at Request.emit (node:events:527:28)
      at Request.<anonymous> (/home/samuel/.nvm/versions/node/v16.15.1/lib/node_modules/yarn/lib/cli.js:141862:10)
      at Request.emit (node:events:527:28)
      at IncomingMessage.<anonymous> (/home/samuel/.nvm/versions/node/v16.15.1/lib/node_modules/yarn/lib/cli.js:141784:12)
      at Object.onceWrapper (node:events:641:28)
      at IncomingMessage.emit (node:events:539:35)
      at endReadableNT (node:internal/streams/readable:1345:12)
      at processTicksAndRejections (node:internal/process/task_queues:83:21)

npm manifest: 
  {
    "dependencies": {
      "flag-icons": "^7.2.0"
    }
  }

yarn manifest: 
  No manifest

Lockfile: 
  # THIS IS AN AUTOGENERATED FILE. DO NOT EDIT THIS FILE DIRECTLY.
  # yarn lockfile v1
  
  
  flag-icons@^7.2.0:
    version "7.2.0"
    resolved "https://registry.yarnpkg.com/flag-icons/-/flag-icons-7.2.0.tgz#e2ca34e101f182dc9dec6456a2e71e8fdef9a160"
    integrity sha512-0ZQ5gzCoCBb6A6QQS59DUazZWxs9za8olMXnuYbvtUbBfM45+/CQm+i2lvn6aDct6SKyAe6MUFQLgYk7kn49+A==
